TN:
SF:src/main.ts
FN:5,bootstrap
FNF:1
FNH:0
FNDA:0,bootstrap
DA:1,0
DA:2,0
DA:3,0
DA:6,0
DA:7,0
DA:15,0
DA:17,0
DA:18,0
DA:19,0
DA:21,0
LF:10
LH:0
BRDA:17,0,0,0
BRDA:17,0,1,0
BRF:2
BRH:0
end_of_record
TN:
SF:src/app/app.controller.ts
FN:6,(anonymous_2)
FN:9,(anonymous_3)
FNF:2
FNH:2
FNDA:1,(anonymous_2)
FNDA:1,(anonymous_3)
DA:1,1
DA:2,1
DA:5,1
DA:6,1
DA:9,1
DA:10,1
LF:6
LH:6
BRDA:6,0,0,1
BRDA:6,0,1,0
BRDA:6,1,0,1
BRDA:6,1,1,1
BRF:4
BRH:3
end_of_record
TN:
SF:src/app/app.module.ts
FNF:0
FNH:0
DA:1,0
DA:2,0
DA:3,0
DA:4,0
DA:5,0
DA:17,0
LF:6
LH:0
BRF:0
BRH:0
end_of_record
TN:
SF:src/app/app.service.ts
FN:5,(anonymous_1)
FNF:1
FNH:1
FNDA:1,(anonymous_1)
DA:1,1
DA:4,1
DA:6,1
LF:3
LH:3
BRF:0
BRH:0
end_of_record
TN:
SF:src/config/database.config.ts
FN:3,(anonymous_0)
FNF:1
FNH:1
FNDA:3,(anonymous_0)
DA:3,1
DA:4,3
DA:6,3
LF:3
LH:3
BRDA:8,0,0,3
BRDA:8,0,1,2
BRDA:9,1,0,3
BRDA:9,1,1,2
BRDA:10,2,0,3
BRDA:10,2,1,2
BRDA:11,3,0,3
BRDA:11,3,1,2
BRDA:12,4,0,3
BRDA:12,4,1,2
BRDA:12,5,0,2
BRDA:12,5,1,0
BRDA:18,6,0,3
BRDA:18,6,1,0
BRF:14
BRH:12
end_of_record
TN:
SF:src/models/users/users.controller.ts
FN:7,(anonymous_4)
FN:10,(anonymous_5)
FN:15,(anonymous_6)
FN:20,(anonymous_7)
FNF:4
FNH:4
FNDA:5,(anonymous_4)
FNDA:1,(anonymous_5)
FNDA:1,(anonymous_6)
FNDA:2,(anonymous_7)
DA:1,1
DA:2,1
DA:3,1
DA:6,1
DA:7,5
DA:10,1
DA:11,1
DA:15,1
DA:16,1
DA:20,1
DA:21,2
LF:11
LH:11
BRDA:10,0,0,1
BRDA:10,0,1,0
BRDA:10,1,0,1
BRDA:10,1,1,1
BRDA:7,2,0,1
BRDA:7,2,1,0
BRDA:7,3,0,1
BRDA:7,3,1,1
BRF:8
BRH:6
end_of_record
TN:
SF:src/models/users/users.module.ts
FNF:0
FNH:0
DA:1,0
DA:2,0
DA:3,0
DA:4,0
DA:5,0
DA:13,0
LF:6
LH:0
BRF:0
BRH:0
end_of_record
TN:
SF:src/models/users/users.service.ts
FN:8,(anonymous_4)
FN:13,(anonymous_5)
FN:21,(anonymous_6)
FN:27,(anonymous_7)
FN:37,(anonymous_8)
FNF:5
FNH:5
FNDA:6,(anonymous_4)
FNDA:1,(anonymous_5)
FNDA:1,(anonymous_6)
FNDA:1,(anonymous_7)
FNDA:2,(anonymous_8)
DA:1,2
DA:2,2
DA:3,2
DA:7,2
DA:10,6
DA:14,1
DA:22,1
DA:28,1
DA:31,1
DA:32,0
DA:34,1
DA:38,2
LF:12
LH:11
BRDA:31,0,0,0
BRDA:31,0,1,1
BRF:2
BRH:1
end_of_record
TN:
SF:src/models/users/dto/create-user.dto.ts
FNF:0
FNH:0
DA:2,1
DA:4,1
DA:7,1
DA:11,1
DA:15,1
LF:5
LH:5
BRF:0
BRH:0
end_of_record
TN:
SF:src/models/users/entities/user.entity.ts
FNF:0
FNH:0
DA:1,2
DA:7,2
DA:13,2
DA:20,2
DA:26,2
DA:32,2
DA:38,2
LF:7
LH:7
BRF:0
BRH:0
end_of_record
